NETWORK
1000 0.1 0.5 0.1
WEIGHTS
-0.2993647965359494 -0.012854787370534693 0.24766858727873453 
WEIGHTS
-0.2993647965359494 -0.012854787370534693 0.24766858727873453
ACTIVATION
1.0 1.0
0.48386785211546274
MOMENTUM
0.0 0.0 0.0
WEIGHT CHANGE
0.012889871554334 0.012889871554334 0.012889871554334
WEIGHTS
-0.28647492498161536 3.5084183799306834E-5 0.26055845883306855
ACTIVATION
0.0 0.0
0.5647735683951379
MOMENTUM
0.006444935777167 0.006444935777167 0.006444935777167
WEIGHT CHANGE
0.006444935777167 0.006444935777167 -0.007437446178009777
WEIGHTS
-0.2800299892044484 0.006480019960966307 0.25312101265505876
ACTIVATION
0.0 0.0
0.5629445388088674
MOMENTUM
0.0032224678885835 0.0032224678885835 -0.0037187230890048887
WEIGHT CHANGE
0.0032224678885835 0.0032224678885835 -0.01756929709045553
WEIGHTS
-0.2768075213158649 0.009702487849549806 0.23555171556460325
ACTIVATION
0.0 0.0
0.5586171500470342
MOMENTUM
0.00161123394429175 0.00161123394429175 -0.008784648545227765
WEIGHT CHANGE
0.00161123394429175 0.00161123394429175 -0.022558138103877932
WEIGHTS
-0.27519628737157315 0.011313721793841557 0.2129935774607253
ACTIVATION
1.0 1.0
0.4872804978153051
MOMENTUM
8.05616972145875E-4 8.05616972145875E-4 -0.011279069051938966
WEIGHT CHANGE
0.013615309456569894 0.013615309456569894 0.001530623432485053
WEIGHTS
-0.26158097791500323 0.024929031250411453 0.21452420089321037
ACTIVATION
0.0 0.0
0.5534263144729755
MOMENTUM
0.006807654728284947 0.006807654728284947 7.653117162425265E-4
WEIGHT CHANGE
0.006807654728284947 0.006807654728284947 -0.012912377738989136
WEIGHTS
-0.2547733231867183 0.0317366859786964 0.20161182315422121
ACTIVATION
0.0 0.0
0.5502329181263107
MOMENTUM
0.0034038273641424734 0.0034038273641424734 -0.006456188869494568
WEIGHT CHANGE
0.0034038273641424734 0.0034038273641424734 -0.020073169015856967
WEIGHTS
-0.25136949582257584 0.035140513342838874 0.18153865413836426
ACTIVATION
0.0 0.0
0.5452604304601628
MOMENTUM
0.0017019136820712367 0.0017019136820712367 -0.010036584507928483
WEIGHT CHANGE
0.0017019136820712367 0.0017019136820712367 -0.023556398312265366
WEIGHTS
-0.2496675821405046 0.03684242702491011 0.1579822558260989
ACTIVATION
1.0 1.0
0.48629271067306007
MOMENTUM
8.509568410356184E-4 8.509568410356184E-4 -0.011778199156132683
WEIGHT CHANGE
0.01368398703921594 0.01368398703921594 0.0010548310420476388
WEIGHTS
-0.23598359510128866 0.05052641406412605 0.15903708686814655
ACTIVATION
0.0 0.0
0.5396756812086925
MOMENTUM
0.00684199351960797 0.00684199351960797 5.274155210238194E-4
WEIGHT CHANGE
0.00684199351960797 0.00684199351960797 -0.012879522939463761
WEIGHTS
-0.2291416015816807 0.05736840758373402 0.1461575639286828
ACTIVATION
0.0 0.0
0.5364744833267633
MOMENTUM
0.003420996759803985 0.003420996759803985 -0.006439761469731881
WEIGHT CHANGE
0.003420996759803985 0.003420996759803985 -0.019780251634951732
WEIGHTS
-0.22572060482187672 0.06078940434353801 0.12637731229373106
ACTIVATION
0.0 0.0
0.5315523451137244
MOMENTUM
0.0017104983799019924 0.0017104983799019924 -0.009890125817475866
WEIGHT CHANGE
0.0017104983799019924 0.0017104983799019924 -0.023126015725971026
WEIGHTS
-0.22401010644197472 0.06249990272344 0.10325129656776003
ACTIVATION
1.0 1.0
0.4854393913265004
MOMENTUM
8.552491899509962E-4 8.552491899509962E-4 -0.011563007862985513
WEIGHT CHANGE
0.013708355139147664 0.013708355139147664 0.0012900980862111545
WEIGHTS
-0.21030175130282705 0.07620825786258767 0.10454139465397118
ACTIVATION
0.0 0.0
0.5261115720903795
MOMENTUM
0.006854177569573832 0.006854177569573832 6.450490431055772E-4
WEIGHT CHANGE
0.006854177569573832 0.006854177569573832 -0.012471869225246554
WEIGHTS
-0.20344757373325323 0.0830624354321615 0.09206952542872462
ACTIVATION
0.0 0.0
0.5230011356547755
MOMENTUM
0.003427088784786916 0.003427088784786916 -0.006235934612623277
WEIGHT CHANGE
0.003427088784786916 0.003427088784786916 -0.019283293511684882
WEIGHTS
-0.2000204849484663 0.08648952421694842 0.07278623191703974
ACTIVATION
0.0 0.0
0.5181885287020228
MOMENTUM
0.001713544392393458 0.001713544392393458 -0.009641646755842441
WEIGHT CHANGE
0.001713544392393458 0.001713544392393458 -0.022579217126983284
WEIGHTS
-0.19830694055607284 0.08820306860934188 0.05020701479005646
ACTIVATION
1.0 1.0
0.4850302609380222
MOMENTUM
8.56772196196729E-4 8.56772196196729E-4 -0.011289608563491642
WEIGHT CHANGE
0.01371947555686232 0.01371947555686232 0.001573094797173949
WEIGHTS
-0.18458746499921053 0.1019225441662042 0.05178010958723041
ACTIVATION
0.0 0.0
0.5129421358433072
MOMENTUM
0.00685973777843116 0.00685973777843116 7.865473985869745E-4
WEIGHT CHANGE
0.00685973777843116 0.00685973777843116 -0.012028414274160279
WEIGHTS
-0.17772772722077937 0.10878228194463535 0.03975169531307013
ACTIVATION
0.0 0.0
0.5099366153783443
MOMENTUM
0.00342986888921558 0.00342986888921558 -0.0060142071370801395
WEIGHT CHANGE
0.00342986888921558 0.00342986888921558 -0.018757587594791174
WEIGHTS
-0.17429785833156378 0.11221215083385093 0.020994107718278955
ACTIVATION
0.0 0.0
0.5052483341629264
MOMENTUM
0.00171493444460779 0.00171493444460779 -0.009378793797395587
WEIGHT CHANGE
0.00171493444460779 0.00171493444460779 -0.022008610444351977
WEIGHTS
-0.17258292388695598 0.11392708527845873 -0.0010145027260730216
ACTIVATION
1.0 1.0
0.48508683932452723
MOMENTUM
8.57467222303895E-4 8.57467222303895E-4 -0.011004305222175988
WEIGHT CHANGE
0.013718844448909176 0.013718844448909176 0.0018570720044292933
WEIGHTS
-0.1588640794380468 0.1276459297273679 8.425692783562717E-4
ACTIVATION
0.0 0.0
0.5002106423071274
MOMENTUM
0.006859422224454588 0.006859422224454588 9.285360022146466E-4
WEIGHT CHANGE
0.006859422224454588 0.006859422224454588 -0.011576727836019839
WEIGHTS
-0.15200465721359221 0.1345053519518225 -0.010734158557663567
ACTIVATION
0.0 0.0
0.4973164861272233
MOMENTUM
0.003429711112227294 0.003429711112227294 -0.005788363918009919
WEIGHT CHANGE
0.003429711112227294 0.003429711112227294 -0.01822091794131978
WEIGHTS
-0.14857494610136493 0.1379350630640498 -0.028955076498983344
ACTIVATION
0.0 0.0
0.49276173657938727
MOMENTUM
0.001714855556113647 0.001714855556113647 -0.00911045897065989
WEIGHT CHANGE
0.001714855556113647 0.001714855556113647 -0.021426920685318013
WEIGHTS
-0.1468600905452513 0.13964991862016343 -0.05038199718430136
ACTIVATION
1.0 1.0
0.4856059360914967
MOMENTUM
8.574277780568235E-4 8.574277780568235E-4 -0.010713460342659006
WEIGHT CHANGE
0.013706621692699478 0.013706621692699478 0.0021357335719836487
WEIGHTS
-0.1331534688525518 0.15335654031286292 -0.04824626361231771
ACTIVATION
0.0 0.0
0.48794077319665796
MOMENTUM
0.006853310846349739 0.006853310846349739 0.0010678667859918244
WEIGHT CHANGE
0.006853310846349739 0.006853310846349739 -0.011123556667616715
WEIGHTS
-0.12630015800620206 0.16020985115921266 -0.05936982027993443
ACTIVATION
0.0 0.0
0.48516190308744367
MOMENTUM
0.0034266554231748695 0.0034266554231748695 -0.0055617783338083576
WEIGHT CHANGE
0.0034266554231748695 0.0034266554231748695 -0.01768014414406908
WEIGHTS
-0.12287350258302719 0.16363650658238751 -0.07704996442400351
ACTIVATION
0.0 0.0
0.4807470328710677
MOMENTUM
0.0017133277115874348 0.0017133277115874348 -0.00884007207203454
WEIGHT CHANGE
0.0017133277115874348 0.0017133277115874348 -0.020840927719363207
WEIGHTS
-0.12116017487143976 0.16534983429397496 -0.09789089214336671
ACTIVATION
1.0 1.0
0.48657791724000804
MOMENTUM
8.566638557937174E-4 8.566638557937174E-4 -0.010420463859681603
WEIGHT CHANGE
0.013682966507597177 0.013682966507597177 0.0024058387921218564
WEIGHTS
-0.10747720836384259 0.17903280080157213 -0.09548505335124485
ACTIVATION
0.0 0.0
0.47614685712013594
MOMENTUM
0.006841483253798589 0.006841483253798589 0.0012029193960609282
WEIGHT CHANGE
0.006841483253798589 0.006841483253798589 -0.010673660588735524
WEIGHTS
-0.100635725110044 0.1858742840553707 -0.10615871393998037
ACTIVATION
0.0 0.0
0.47348521791511905
MOMENTUM
0.0034207416268992943 0.0034207416268992943 -0.005336830294367762
WEIGHT CHANGE
0.0034207416268992943 0.0034207416268992943 -0.017140673137248513
WEIGHTS
-0.0972149834831447 0.18929502568227 -0.12329938707722889
ACTIVATION
0.0 0.0
0.46921414579369325
MOMENTUM
0.0017103708134496472 0.0017103708134496472 -0.008570336568624257
WEIGHT CHANGE
0.0017103708134496472 0.0017103708134496472 -0.020256219559774944
WEIGHTS
-0.09550461266969505 0.19100539649571965 -0.14355560663700384
ACTIVATION
1.0 1.0
0.48798860566700475
MOMENTUM
8.551854067248236E-4 8.551854067248236E-4 -0.010128109779887472
WEIGHT CHANGE
0.013648083292655844 0.013648083292655844 0.0026647881060435485
WEIGHTS
-0.0818565293770392 0.2046534797883755 -0.1408908185309603
ACTIVATION
0.0 0.0
0.46483544481975253
MOMENTUM
0.006824041646327922 0.006824041646327922 0.0013323940530217742
WEIGHT CHANGE
0.006824041646327922 0.006824041646327922 -0.010231013029218413
WEIGHTS
-0.07503248773071128 0.2114775214347034 -0.15112183156017872
ACTIVATION
0.0 0.0
0.46229128018391163
MOMENTUM
0.003412020823163961 0.003412020823163961 -0.0051155065146092065
WEIGHT CHANGE
0.003412020823163961 0.003412020823163961 -0.01660705312387483
WEIGHTS
-0.07162046690754732 0.21488954225786738 -0.16772888468405356
ACTIVATION
0.0 0.0
0.4581658095724923
MOMENTUM
0.0017060104115819805 0.0017060104115819805 -0.008303526561937415
WEIGHT CHANGE
0.0017060104115819805 0.0017060104115819805 -0.019677488226341314
WEIGHTS
-0.06991445649596534 0.21659555266944935 -0.18740637291039486
ACTIVATION
1.0 1.0
0.48982008776644426
MOMENTUM
8.530052057909903E-4 8.530052057909903E-4 -0.009838744113170657
WEIGHT CHANGE
0.01360221598592115 0.01360221598592115 0.002910466666959502
WEIGHTS
-0.05631224051004419 0.2301977686553705 -0.18449590624343537
ACTIVATION
0.0 0.0
0.45400641312865264
MOMENTUM
0.006801107992960575 0.006801107992960575 0.001455233333479751
WEIGHT CHANGE
0.006801107992960575 0.006801107992960575 -0.009798886022585431
WEIGHTS
-0.04951113251708361 0.23699887664833108 -0.1942947922660208
ACTIVATION
0.0 0.0
0.4515785339224546
MOMENTUM
0.0034005539964802873 0.0034005539964802873 -0.004899443011292716
WEIGHT CHANGE
0.0034005539964802873 0.0034005539964802873 -0.016083027523263217
WEIGHTS
-0.046110578520603324 0.24039943064481137 -0.21037781978928402
ACTIVATION
0.0 0.0
0.44759867108500906
MOMENTUM
0.0017002769982401437 0.0017002769982401437 -0.008041513761631609
WEIGHT CHANGE
0.0017002769982401437 0.0017002769982401437 -0.019108574452246233
